# JRE version: OpenJDK Runtime Environment JBR-21.0.2+13-375.1-jcef (21.0.2+13) (build 21.0.2+13-b375.1)
# Java VM: OpenJDK 64-Bit Server VM JBR-21.0.2+13-375.1-jcef (21.0.2+13-b375.1, mixed mode, tiered, compressed oops, compressed class ptrs, g1 gc, linux-amd64)
GC Precious Log:
 CardTable entry size: 512
 Card Set container configuration: InlinePtr #cards 4 size 8 Array Of Cards #cards 16 size 48 Howl #buckets 8 coarsen threshold 3686 Howl Bitmap #cards 512 size 80 coarsen threshold 460 Card regions per heap region 1 cards per card region 4096
 CPUs: 12 total, 12 available
 Memory: 15325M
 Large Page Support: Disabled
 NUMA Support: Disabled
 Compressed Oops: Enabled (Zero based)
 Heap Region Size: 2M
 Heap Min Capacity: 8M
 Heap Initial Capacity: 240M
 Heap Max Capacity: 3832M
 Pre-touch: Disabled
 Parallel Workers: 10
 Concurrent Workers: 3
 Concurrent Refinement Workers: 10
 Periodic GC: Disabled
Heap:
 garbage-first heap   total 40960K, used 19268K [0x0000000710800000, 0x0000000800000000)
  region size 2048K, 6 young (12288K), 0 survivors (0K)
 Metaspace       used 40016K, committed 40384K, reserved 1114112K
  class space    used 4162K, committed 4352K, reserved 1048576K
GC Heap History (12 events):
Event: 0.334 GC heap before
{Heap before GC invocations=0 (full 0):
 garbage-first heap   total 245760K, used 20480K [0x0000000710800000, 0x0000000800000000)
  region size 2048K, 11 young (22528K), 0 survivors (0K)
 Metaspace       used 14892K, committed 14976K, reserved 1114112K
  class space    used 1322K, committed 1344K, reserved 1048576K
}
Event: 0.342 GC heap after
{Heap after GC invocations=1 (full 0):
 garbage-first heap   total 245760K, used 5479K [0x0000000710800000, 0x0000000800000000)
  region size 2048K, 2 young (4096K), 2 survivors (4096K)
 Metaspace       used 14892K, committed 14976K, reserved 1114112K
  class space    used 1322K, committed 1344K, reserved 1048576K
}
Event: 0.505 GC heap before
{Heap before GC invocations=1 (full 0):
 garbage-first heap   total 245760K, used 21863K [0x0000000710800000, 0x0000000800000000)
  region size 2048K, 12 young (24576K), 2 survivors (4096K)
 Metaspace       used 21341K, committed 21504K, reserved 1114112K
  class space    used 2080K, committed 2176K, reserved 1048576K
}
Event: 0.514 GC heap after
{Heap after GC invocations=2 (full 1):
 garbage-first heap   total 40960K, used 6693K [0x0000000710800000, 0x0000000800000000)
  region size 2048K, 0 young (0K), 0 survivors (0K)
 Metaspace       used 21341K, committed 21504K, reserved 1114112K
  class space    used 2080K, committed 2176K, reserved 1048576K
}
Event: 0.662 GC heap before
{Heap before GC invocations=2 (full 1):
 garbage-first heap   total 40960K, used 21029K [0x0000000710800000, 0x0000000800000000)
  region size 2048K, 7 young (14336K), 0 survivors (0K)
 Metaspace       used 26627K, committed 26944K, reserved 1114112K
  class space    used 2719K, committed 2816K, reserved 1048576K
}
Event: 0.665 GC heap after
{Heap after GC invocations=3 (full 1):
 garbage-first heap   total 40960K, used 8427K [0x0000000710800000, 0x0000000800000000)
  region size 2048K, 1 young (2048K), 1 survivors (2048K)
 Metaspace       used 26627K, committed 26944K, reserved 1114112K
  class space    used 2719K, committed 2816K, reserved 1048576K
}
Event: 0.754 GC heap before
{Heap before GC invocations=3 (full 1):
 garbage-first heap   total 40960K, used 20715K [0x0000000710800000, 0x0000000800000000)
  region size 2048K, 8 young (16384K), 1 survivors (2048K)
 Metaspace       used 31087K, committed 31360K, reserved 1114112K
  class space    used 3161K, committed 3264K, reserved 1048576K
}
Event: 0.759 GC heap after
{Heap after GC invocations=4 (full 1):
 garbage-first heap   total 40960K, used 10991K [0x0000000710800000, 0x0000000800000000)
  region size 2048K, 1 young (2048K), 1 survivors (2048K)
 Metaspace       used 31087K, committed 31360K, reserved 1114112K
  class space    used 3161K, committed 3264K, reserved 1048576K
}
Event: 0.846 GC heap before
{Heap before GC invocations=4 (full 1):
 garbage-first heap   total 40960K, used 23279K [0x0000000710800000, 0x0000000800000000)
  region size 2048K, 7 young (14336K), 1 survivors (2048K)
 Metaspace       used 34969K, committed 35328K, reserved 1114112K
  class space    used 3578K, committed 3776K, reserved 1048576K
}
Event: 0.848 GC heap after
{Heap after GC invocations=5 (full 1):
 garbage-first heap   total 40960K, used 11414K [0x0000000710800000, 0x0000000800000000)
  region size 2048K, 1 young (2048K), 1 survivors (2048K)
 Metaspace       used 34969K, committed 35328K, reserved 1114112K
  class space    used 3578K, committed 3776K, reserved 1048576K
}
Event: 0.869 GC heap before
{Heap before GC invocations=5 (full 1):
 garbage-first heap   total 40960K, used 11414K [0x0000000710800000, 0x0000000800000000)
  region size 2048K, 2 young (4096K), 1 survivors (2048K)
 Metaspace       used 35447K, committed 35840K, reserved 1114112K
  class space    used 3639K, committed 3840K, reserved 1048576K
}
Event: 0.884 GC heap after
{Heap after GC invocations=6 (full 2):
 garbage-first heap   total 40960K, used 11076K [0x0000000710800000, 0x0000000800000000)
  region size 2048K, 0 young (0K), 0 survivors (0K)
 Metaspace       used 35447K, committed 35840K, reserved 1114112K
  class space    used 3639K, committed 3840K, reserved 1048576K
}

